<?xml version="1.0" encoding="UTF-8"?>
<testng-results skipped="0" failed="0" ignored="0" total="1" passed="1">
  <reporter-output>
  </reporter-output>
  <suite name="Suite" duration-ms="29" started-at="2019-04-29T11:23:29Z" finished-at="2019-04-29T11:23:29Z">
    <groups>
    </groups>
    <test name="Test" duration-ms="29" started-at="2019-04-29T11:23:29Z" finished-at="2019-04-29T11:23:29Z">
      <class name="TestMaven1.TestMVN.AppTest">
        <test-method status="PASS" signature="sts()[pri:0, instance:TestMaven1.TestMVN.AppTest@15eef3d]" name="sts" duration-ms="8" started-at="2019-04-29T11:23:29Z" finished-at="2019-04-29T11:23:29Z">
          <reporter-output>
          </reporter-output>
        </test-method> <!-- sts -->
      </class> <!-- TestMaven1.TestMVN.AppTest -->
    </test> <!-- Test -->
  </suite> <!-- Suite -->
</testng-results>
