<?xml version="1.0" encoding="UTF-8"?>
<testng-results skipped="0" failed="0" ignored="0" total="1" passed="1">
  <reporter-output>
  </reporter-output>
  <suite name="Suite" duration-ms="28" started-at="2019-04-29T10:33:42Z" finished-at="2019-04-29T10:33:42Z">
    <groups>
    </groups>
    <test name="Test" duration-ms="28" started-at="2019-04-29T10:33:42Z" finished-at="2019-04-29T10:33:42Z">
      <class name="TestMaven1.TestMVN.App">
        <test-method status="PASS" signature="tst()[pri:0, instance:TestMaven1.TestMVN.App@c4c815]" name="tst" duration-ms="8" started-at="2019-04-29T10:33:42Z" finished-at="2019-04-29T10:33:42Z">
          <reporter-output>
          </reporter-output>
        </test-method> <!-- tst -->
      </class> <!-- TestMaven1.TestMVN.App -->
    </test> <!-- Test -->
  </suite> <!-- Suite -->
</testng-results>
